<?xml version="1.0" encoding="UTF-8"?>
<!-- Generated by org.testng.reporters.JUnitReportReporter -->
<testsuite skipped="0" hostname="edu12-PC" name="log_in.Login" tests="1" failures="0" timestamp="22 Jun 2018 10:29:57 GMT" time="8.138" errors="0">
  <testcase name="login" time="8.138" classname="log_in.Login"/>
</testsuite> <!-- log_in.Login -->
